
> dhaneja@0.1.0 build
> next build

   ▲ Next.js 15.3.2
   - Environments: .env

   Creating an optimized production build ...


Retrying 1/3...


Retrying 2/3...
 ✓ Compiled successfully in 22.0s
   Linting and checking validity of types ...
(node:68138) ESLintIgnoreWarning: The ".eslintignore" file is no longer supported. Switch to using the "ignores" property in "eslint.config.js": https://eslint.org/docs/latest/use/configure/migration-guide#ignoring-files
(Use `node --trace-warnings ...` to show where the warning was created)
   Collecting page data ...

> Build error occurred
[Error: Cannot find module '/workspaces/dhaneja/.next/server/middleware-manifest.json'
Require stack:
- /workspaces/dhaneja/node_modules/next/dist/build/index.js
- /workspaces/dhaneja/node_modules/next/dist/cli/next-build.js] {
  code: 'MODULE_NOT_FOUND',
  requireStack: [Array]
}
